<?xml version="1.0" encoding="UTF-8"?>
<testsuite xmlns:xsi="http://www.w3.org/2001/XMLSchema-instance" xsi:noNamespaceSchemaLocation="https://maven.apache.org/surefire/maven-surefire-plugin/xsd/surefire-test-report-3.0.xsd" version="3.0" name="com.interswitch.DepartmentRepositoryTest" time="0.022" tests="4" errors="0" skipped="0" failures="0">
  <properties>
[...]
</properties>
  <testcase name="testAddDepartment" classname="com.interswitch.DepartmentRepositoryTest" time="0.015"/>
  <testcase name="testFindAll" classname="com.interswitch.DepartmentRepositoryTest" time="0.001"/>
  <testcase name="testFindByOrganization" classname="com.interswitch.DepartmentRepositoryTest" time="0.001"/>
  <testcase name="testFindById" classname="com.interswitch.DepartmentRepositoryTest" time="0.001"/>
</testsuite>